CRITICAL - 2023-12-26 15:34:05 --> Call to undefined method CodeIgniter\View\View::endSSection()
in APPPATH\Views\hero_section\index.php on line 5.
 1 SYSTEMPATH\View\View.php(228): include()
 2 SYSTEMPATH\View\View.php(231): CodeIgniter\View\View->CodeIgniter\View\{closure}()
 3 SYSTEMPATH\Common.php(1190): CodeIgniter\View\View->render('hero_section/index', [], true)
 4 APPPATH\Config\Routes.php(16): view('hero_section/index')
 5 SYSTEMPATH\CodeIgniter.php(891): CodeIgniter\Router\RouteCollection::{closure}()
 6 SYSTEMPATH\CodeIgniter.php(489): CodeIgniter\CodeIgniter->startController()
 7 SYSTEMPATH\CodeIgniter.php(361): CodeIgniter\CodeIgniter->handleRequest(null, Object(Config\Cache), false)
 8 FCPATH\index.php(79): CodeIgniter\CodeIgniter->run()
 9 SYSTEMPATH\Commands\Server\rewrite.php(47): require_once('C:\\xampp\\xampp8160\\htdocs\\musica_ci443\\public\\index.php')
CRITICAL - 2023-12-26 15:34:11 --> Call to undefined method CodeIgniter\View\View::endSSection()
in APPPATH\Views\hero_section\index.php on line 5.
 1 SYSTEMPATH\View\View.php(228): include()
 2 SYSTEMPATH\View\View.php(231): CodeIgniter\View\View->CodeIgniter\View\{closure}()
 3 SYSTEMPATH\Common.php(1190): CodeIgniter\View\View->render('hero_section/index', [], true)
 4 APPPATH\Config\Routes.php(16): view('hero_section/index')
 5 SYSTEMPATH\CodeIgniter.php(891): CodeIgniter\Router\RouteCollection::{closure}()
 6 SYSTEMPATH\CodeIgniter.php(489): CodeIgniter\CodeIgniter->startController()
 7 SYSTEMPATH\CodeIgniter.php(361): CodeIgniter\CodeIgniter->handleRequest(null, Object(Config\Cache), false)
 8 FCPATH\index.php(79): CodeIgniter\CodeIgniter->run()
 9 SYSTEMPATH\Commands\Server\rewrite.php(47): require_once('C:\\xampp\\xampp8160\\htdocs\\musica_ci443\\public\\index.php')
