CRITICAL - 2024-01-14 05:34:14 --> 28 : Operation timed out after 10004 milliseconds with 14796 bytes received
in SYSTEMPATH\HTTP\CURLRequest.php on line 693.
 1 SYSTEMPATH\HTTP\CURLRequest.php(693): CodeIgniter\HTTP\Exceptions\HTTPException::forCurlError('28', 'Operation timed out after 10004 milliseconds with 14796 bytes received')
 2 SYSTEMPATH\HTTP\CURLRequest.php(387): CodeIgniter\HTTP\CURLRequest->sendRequest([...])
 3 SYSTEMPATH\HTTP\CURLRequest.php(145): CodeIgniter\HTTP\CURLRequest->send('get', 'https://deezerdevs-deezer.p.rapidapi.com/search?q=Music')
 4 SYSTEMPATH\HTTP\CURLRequest.php(180): CodeIgniter\HTTP\CURLRequest->request('get', 'https://deezerdevs-deezer.p.rapidapi.com/search', [])
 5 APPPATH\Controllers\AJAXRequest.php(29): CodeIgniter\HTTP\CURLRequest->get('search')
 6 SYSTEMPATH\CodeIgniter.php(942): App\Controllers\AJAXRequest->requestData()
 7 SYSTEMPATH\CodeIgniter.php(502): CodeIgniter\CodeIgniter->runController(Object(App\Controllers\AJAXRequest))
 8 SYSTEMPATH\CodeIgniter.php(361): CodeIgniter\CodeIgniter->handleRequest(null, Object(Config\Cache), false)
 9 FCPATH\index.php(79): CodeIgniter\CodeIgniter->run()
10 SYSTEMPATH\Commands\Server\rewrite.php(47): require_once('C:\\xampp\\xampp8160\\htdocs\\musica_ci443\\public\\index.php')
CRITICAL - 2024-01-14 05:34:34 --> 28 : Operation timed out after 10006 milliseconds with 25321 bytes received
in SYSTEMPATH\HTTP\CURLRequest.php on line 693.
 1 SYSTEMPATH\HTTP\CURLRequest.php(693): CodeIgniter\HTTP\Exceptions\HTTPException::forCurlError('28', 'Operation timed out after 10006 milliseconds with 25321 bytes received')
 2 SYSTEMPATH\HTTP\CURLRequest.php(387): CodeIgniter\HTTP\CURLRequest->sendRequest([...])
 3 SYSTEMPATH\HTTP\CURLRequest.php(145): CodeIgniter\HTTP\CURLRequest->send('get', 'https://deezerdevs-deezer.p.rapidapi.com/search?q=Tipe+X')
 4 SYSTEMPATH\HTTP\CURLRequest.php(180): CodeIgniter\HTTP\CURLRequest->request('get', 'https://deezerdevs-deezer.p.rapidapi.com/search', [])
 5 APPPATH\Controllers\AJAXRequest.php(29): CodeIgniter\HTTP\CURLRequest->get('search')
 6 SYSTEMPATH\CodeIgniter.php(942): App\Controllers\AJAXRequest->requestData()
 7 SYSTEMPATH\CodeIgniter.php(502): CodeIgniter\CodeIgniter->runController(Object(App\Controllers\AJAXRequest))
 8 SYSTEMPATH\CodeIgniter.php(361): CodeIgniter\CodeIgniter->handleRequest(null, Object(Config\Cache), false)
 9 FCPATH\index.php(79): CodeIgniter\CodeIgniter->run()
10 SYSTEMPATH\Commands\Server\rewrite.php(47): require_once('C:\\xampp\\xampp8160\\htdocs\\musica_ci443\\public\\index.php')
ERROR - 2024-01-14 05:56:58 --> Error connecting to the database: mysqli_sql_exception: No connection could be made because the target machine actively refused it in C:\xampp\xampp8160\htdocs\musica_ci443\system\Database\MySQLi\Connection.php:185
Stack trace:
#0 C:\xampp\xampp8160\htdocs\musica_ci443\system\Database\MySQLi\Connection.php(185): mysqli->real_connect('localhost', 'root', '', 'db_musica', 3306, '', 0)
#1 C:\xampp\xampp8160\htdocs\musica_ci443\system\Database\BaseConnection.php(392): CodeIgniter\Database\MySQLi\Connection->connect(false)
#2 C:\xampp\xampp8160\htdocs\musica_ci443\system\Database\BaseConnection.php(575): CodeIgniter\Database\BaseConnection->initialize()
#3 C:\xampp\xampp8160\htdocs\musica_ci443\system\Database\BaseBuilder.php(1615): CodeIgniter\Database\BaseConnection->query('SELECT *\nFROM `...', Array, false)
#4 C:\xampp\xampp8160\htdocs\musica_ci443\vendor\codeigniter4\settings\src\Handlers\DatabaseHandler.php(173): CodeIgniter\Database\BaseBuilder->get()
#5 C:\xampp\xampp8160\htdocs\musica_ci443\vendor\codeigniter4\settings\src\Handlers\DatabaseHandler.php(51): CodeIgniter\Settings\Handlers\DatabaseHandler->hydrate(NULL)
#6 C:\xampp\xampp8160\htdocs\musica_ci443\vendor\codeigniter4\settings\src\Settings.php(59): CodeIgniter\Settings\Handlers\DatabaseHandler->has('Config\\Auth', 'sessionConfig', NULL)
#7 C:\xampp\xampp8160\htdocs\musica_ci443\vendor\codeigniter4\settings\src\Helpers\setting_helper.php(25): CodeIgniter\Settings\Settings->get('Auth.sessionCon...')
#8 C:\xampp\xampp8160\htdocs\musica_ci443\vendor\codeigniter4\shield\src\Authentication\Authenticators\Session.php(696): setting('Auth.sessionCon...')
#9 C:\xampp\xampp8160\htdocs\musica_ci443\vendor\codeigniter4\shield\src\Authentication\Authenticators\Session.php(714): CodeIgniter\Shield\Authentication\Authenticators\Session->getSessionUserInfo()
#10 C:\xampp\xampp8160\htdocs\musica_ci443\vendor\codeigniter4\shield\src\Authentication\Authenticators\Session.php(401): CodeIgniter\Shield\Authentication\Authenticators\Session->getSessionKey('id')
#11 C:\xampp\xampp8160\htdocs\musica_ci443\vendor\codeigniter4\shield\src\Authentication\Authenticators\Session.php(385): CodeIgniter\Shield\Authentication\Authenticators\Session->checkUserState()
#12 C:\xampp\xampp8160\htdocs\musica_ci443\vendor\codeigniter4\shield\src\Auth.php(189): CodeIgniter\Shield\Authentication\Authenticators\Session->loggedIn()
#13 C:\xampp\xampp8160\htdocs\musica_ci443\app\Views\music_list_section\index.php(90): CodeIgniter\Shield\Auth->__call('loggedIn', Array)
#14 C:\xampp\xampp8160\htdocs\musica_ci443\system\View\View.php(228): include('C:\\xampp\\xampp8...')
#15 C:\xampp\xampp8160\htdocs\musica_ci443\system\View\View.php(231): CodeIgniter\View\View->CodeIgniter\View\{closure}()
#16 C:\xampp\xampp8160\htdocs\musica_ci443\system\Common.php(1190): CodeIgniter\View\View->render('music_list_sect...', Array, true)
#17 C:\xampp\xampp8160\htdocs\musica_ci443\app\Config\Routes.php(19): view('music_list_sect...')
#18 C:\xampp\xampp8160\htdocs\musica_ci443\system\CodeIgniter.php(891): CodeIgniter\Router\RouteCollection::{closure}()
#19 C:\xampp\xampp8160\htdocs\musica_ci443\system\CodeIgniter.php(489): CodeIgniter\CodeIgniter->startController()
#20 C:\xampp\xampp8160\htdocs\musica_ci443\system\CodeIgniter.php(361): CodeIgniter\CodeIgniter->handleRequest(NULL, Object(Config\Cache), false)
#21 C:\xampp\xampp8160\htdocs\musica_ci443\public\index.php(79): CodeIgniter\CodeIgniter->run()
#22 C:\xampp\xampp8160\htdocs\musica_ci443\system\Commands\Server\rewrite.php(47): require_once('C:\\xampp\\xampp8...')
#23 {main}

Next CodeIgniter\Database\Exceptions\DatabaseException: No connection could be made because the target machine actively refused it in C:\xampp\xampp8160\htdocs\musica_ci443\system\Database\MySQLi\Connection.php:229
Stack trace:
#0 C:\xampp\xampp8160\htdocs\musica_ci443\system\Database\BaseConnection.php(392): CodeIgniter\Database\MySQLi\Connection->connect(false)
#1 C:\xampp\xampp8160\htdocs\musica_ci443\system\Database\BaseConnection.php(575): CodeIgniter\Database\BaseConnection->initialize()
#2 C:\xampp\xampp8160\htdocs\musica_ci443\system\Database\BaseBuilder.php(1615): CodeIgniter\Database\BaseConnection->query('SELECT *\nFROM `...', Array, false)
#3 C:\xampp\xampp8160\htdocs\musica_ci443\vendor\codeigniter4\settings\src\Handlers\DatabaseHandler.php(173): CodeIgniter\Database\BaseBuilder->get()
#4 C:\xampp\xampp8160\htdocs\musica_ci443\vendor\codeigniter4\settings\src\Handlers\DatabaseHandler.php(51): CodeIgniter\Settings\Handlers\DatabaseHandler->hydrate(NULL)
#5 C:\xampp\xampp8160\htdocs\musica_ci443\vendor\codeigniter4\settings\src\Settings.php(59): CodeIgniter\Settings\Handlers\DatabaseHandler->has('Config\\Auth', 'sessionConfig', NULL)
#6 C:\xampp\xampp8160\htdocs\musica_ci443\vendor\codeigniter4\settings\src\Helpers\setting_helper.php(25): CodeIgniter\Settings\Settings->get('Auth.sessionCon...')
#7 C:\xampp\xampp8160\htdocs\musica_ci443\vendor\codeigniter4\shield\src\Authentication\Authenticators\Session.php(696): setting('Auth.sessionCon...')
#8 C:\xampp\xampp8160\htdocs\musica_ci443\vendor\codeigniter4\shield\src\Authentication\Authenticators\Session.php(714): CodeIgniter\Shield\Authentication\Authenticators\Session->getSessionUserInfo()
#9 C:\xampp\xampp8160\htdocs\musica_ci443\vendor\codeigniter4\shield\src\Authentication\Authenticators\Session.php(401): CodeIgniter\Shield\Authentication\Authenticators\Session->getSessionKey('id')
#10 C:\xampp\xampp8160\htdocs\musica_ci443\vendor\codeigniter4\shield\src\Authentication\Authenticators\Session.php(385): CodeIgniter\Shield\Authentication\Authenticators\Session->checkUserState()
#11 C:\xampp\xampp8160\htdocs\musica_ci443\vendor\codeigniter4\shield\src\Auth.php(189): CodeIgniter\Shield\Authentication\Authenticators\Session->loggedIn()
#12 C:\xampp\xampp8160\htdocs\musica_ci443\app\Views\music_list_section\index.php(90): CodeIgniter\Shield\Auth->__call('loggedIn', Array)
#13 C:\xampp\xampp8160\htdocs\musica_ci443\system\View\View.php(228): include('C:\\xampp\\xampp8...')
#14 C:\xampp\xampp8160\htdocs\musica_ci443\system\View\View.php(231): CodeIgniter\View\View->CodeIgniter\View\{closure}()
#15 C:\xampp\xampp8160\htdocs\musica_ci443\system\Common.php(1190): CodeIgniter\View\View->render('music_list_sect...', Array, true)
#16 C:\xampp\xampp8160\htdocs\musica_ci443\app\Config\Routes.php(19): view('music_list_sect...')
#17 C:\xampp\xampp8160\htdocs\musica_ci443\system\CodeIgniter.php(891): CodeIgniter\Router\RouteCollection::{closure}()
#18 C:\xampp\xampp8160\htdocs\musica_ci443\system\CodeIgniter.php(489): CodeIgniter\CodeIgniter->startController()
#19 C:\xampp\xampp8160\htdocs\musica_ci443\system\CodeIgniter.php(361): CodeIgniter\CodeIgniter->handleRequest(NULL, Object(Config\Cache), false)
#20 C:\xampp\xampp8160\htdocs\musica_ci443\public\index.php(79): CodeIgniter\CodeIgniter->run()
#21 C:\xampp\xampp8160\htdocs\musica_ci443\system\Commands\Server\rewrite.php(47): require_once('C:\\xampp\\xampp8...')
#22 {main}
CRITICAL - 2024-01-14 05:56:58 --> Unable to connect to the database.
Main connection [MySQLi]: No connection could be made because the target machine actively refused it
in SYSTEMPATH\Database\BaseConnection.php on line 428.
 1 SYSTEMPATH\Database\BaseConnection.php(575): CodeIgniter\Database\BaseConnection->initialize()
 2 SYSTEMPATH\Database\BaseBuilder.php(1615): CodeIgniter\Database\BaseConnection->query('SELECT *
FROM `settings`
WHERE `context` IS NULL', [], false)
 3 VENDORPATH\codeigniter4\settings\src\Handlers\DatabaseHandler.php(173): CodeIgniter\Database\BaseBuilder->get()
 4 VENDORPATH\codeigniter4\settings\src\Handlers\DatabaseHandler.php(51): CodeIgniter\Settings\Handlers\DatabaseHandler->hydrate(null)
 5 VENDORPATH\codeigniter4\settings\src\Settings.php(59): CodeIgniter\Settings\Handlers\DatabaseHandler->has('Config\\Auth', 'sessionConfig', null)
 6 VENDORPATH\codeigniter4\settings\src\Helpers\setting_helper.php(25): CodeIgniter\Settings\Settings->get('Auth.sessionConfig')
 7 VENDORPATH\codeigniter4\shield\src\Authentication\Authenticators\Session.php(696): setting('Auth.sessionConfig')
 8 VENDORPATH\codeigniter4\shield\src\Authentication\Authenticators\Session.php(714): CodeIgniter\Shield\Authentication\Authenticators\Session->getSessionUserInfo()
 9 VENDORPATH\codeigniter4\shield\src\Authentication\Authenticators\Session.php(401): CodeIgniter\Shield\Authentication\Authenticators\Session->getSessionKey('id')
10 VENDORPATH\codeigniter4\shield\src\Authentication\Authenticators\Session.php(385): CodeIgniter\Shield\Authentication\Authenticators\Session->checkUserState()
11 VENDORPATH\codeigniter4\shield\src\Auth.php(189): CodeIgniter\Shield\Authentication\Authenticators\Session->loggedIn()
12 APPPATH\Views\music_list_section\index.php(90): CodeIgniter\Shield\Auth->__call('loggedIn', [])
13 SYSTEMPATH\View\View.php(228): include('C:\\xampp\\xampp8160\\htdocs\\musica_ci443\\app\\Views\\music_list_section\\index.php')
14 SYSTEMPATH\View\View.php(231): CodeIgniter\View\View->CodeIgniter\View\{closure}()
15 SYSTEMPATH\Common.php(1190): CodeIgniter\View\View->render('music_list_section/index', [], true)
16 APPPATH\Config\Routes.php(19): view('music_list_section/index')
17 SYSTEMPATH\CodeIgniter.php(891): CodeIgniter\Router\RouteCollection::{closure}()
18 SYSTEMPATH\CodeIgniter.php(489): CodeIgniter\CodeIgniter->startController()
19 SYSTEMPATH\CodeIgniter.php(361): CodeIgniter\CodeIgniter->handleRequest(null, Object(Config\Cache), false)
20 FCPATH\index.php(79): CodeIgniter\CodeIgniter->run()
21 SYSTEMPATH\Commands\Server\rewrite.php(47): require_once('C:\\xampp\\xampp8160\\htdocs\\musica_ci443\\public\\index.php')
ERROR - 2024-01-14 05:57:19 --> Error connecting to the database: mysqli_sql_exception: No connection could be made because the target machine actively refused it in C:\xampp\xampp8160\htdocs\musica_ci443\system\Database\MySQLi\Connection.php:185
Stack trace:
#0 C:\xampp\xampp8160\htdocs\musica_ci443\system\Database\MySQLi\Connection.php(185): mysqli->real_connect('localhost', 'root', '', 'db_musica', 3306, '', 0)
#1 C:\xampp\xampp8160\htdocs\musica_ci443\system\Database\BaseConnection.php(392): CodeIgniter\Database\MySQLi\Connection->connect(false)
#2 C:\xampp\xampp8160\htdocs\musica_ci443\system\Database\BaseConnection.php(575): CodeIgniter\Database\BaseConnection->initialize()
#3 C:\xampp\xampp8160\htdocs\musica_ci443\system\Database\BaseBuilder.php(1615): CodeIgniter\Database\BaseConnection->query('SELECT *\nFROM `...', Array, false)
#4 C:\xampp\xampp8160\htdocs\musica_ci443\vendor\codeigniter4\settings\src\Handlers\DatabaseHandler.php(173): CodeIgniter\Database\BaseBuilder->get()
#5 C:\xampp\xampp8160\htdocs\musica_ci443\vendor\codeigniter4\settings\src\Handlers\DatabaseHandler.php(51): CodeIgniter\Settings\Handlers\DatabaseHandler->hydrate(NULL)
#6 C:\xampp\xampp8160\htdocs\musica_ci443\vendor\codeigniter4\settings\src\Settings.php(59): CodeIgniter\Settings\Handlers\DatabaseHandler->has('Config\\Auth', 'sessionConfig', NULL)
#7 C:\xampp\xampp8160\htdocs\musica_ci443\vendor\codeigniter4\settings\src\Helpers\setting_helper.php(25): CodeIgniter\Settings\Settings->get('Auth.sessionCon...')
#8 C:\xampp\xampp8160\htdocs\musica_ci443\vendor\codeigniter4\shield\src\Authentication\Authenticators\Session.php(696): setting('Auth.sessionCon...')
#9 C:\xampp\xampp8160\htdocs\musica_ci443\vendor\codeigniter4\shield\src\Authentication\Authenticators\Session.php(714): CodeIgniter\Shield\Authentication\Authenticators\Session->getSessionUserInfo()
#10 C:\xampp\xampp8160\htdocs\musica_ci443\vendor\codeigniter4\shield\src\Authentication\Authenticators\Session.php(401): CodeIgniter\Shield\Authentication\Authenticators\Session->getSessionKey('id')
#11 C:\xampp\xampp8160\htdocs\musica_ci443\vendor\codeigniter4\shield\src\Authentication\Authenticators\Session.php(385): CodeIgniter\Shield\Authentication\Authenticators\Session->checkUserState()
#12 C:\xampp\xampp8160\htdocs\musica_ci443\vendor\codeigniter4\shield\src\Auth.php(189): CodeIgniter\Shield\Authentication\Authenticators\Session->loggedIn()
#13 C:\xampp\xampp8160\htdocs\musica_ci443\app\Views\music_list_section\index.php(90): CodeIgniter\Shield\Auth->__call('loggedIn', Array)
#14 C:\xampp\xampp8160\htdocs\musica_ci443\system\View\View.php(228): include('C:\\xampp\\xampp8...')
#15 C:\xampp\xampp8160\htdocs\musica_ci443\system\View\View.php(231): CodeIgniter\View\View->CodeIgniter\View\{closure}()
#16 C:\xampp\xampp8160\htdocs\musica_ci443\system\Common.php(1190): CodeIgniter\View\View->render('music_list_sect...', Array, true)
#17 C:\xampp\xampp8160\htdocs\musica_ci443\app\Config\Routes.php(19): view('music_list_sect...')
#18 C:\xampp\xampp8160\htdocs\musica_ci443\system\CodeIgniter.php(891): CodeIgniter\Router\RouteCollection::{closure}()
#19 C:\xampp\xampp8160\htdocs\musica_ci443\system\CodeIgniter.php(489): CodeIgniter\CodeIgniter->startController()
#20 C:\xampp\xampp8160\htdocs\musica_ci443\system\CodeIgniter.php(361): CodeIgniter\CodeIgniter->handleRequest(NULL, Object(Config\Cache), false)
#21 C:\xampp\xampp8160\htdocs\musica_ci443\public\index.php(79): CodeIgniter\CodeIgniter->run()
#22 C:\xampp\xampp8160\htdocs\musica_ci443\system\Commands\Server\rewrite.php(47): require_once('C:\\xampp\\xampp8...')
#23 {main}

Next CodeIgniter\Database\Exceptions\DatabaseException: No connection could be made because the target machine actively refused it in C:\xampp\xampp8160\htdocs\musica_ci443\system\Database\MySQLi\Connection.php:229
Stack trace:
#0 C:\xampp\xampp8160\htdocs\musica_ci443\system\Database\BaseConnection.php(392): CodeIgniter\Database\MySQLi\Connection->connect(false)
#1 C:\xampp\xampp8160\htdocs\musica_ci443\system\Database\BaseConnection.php(575): CodeIgniter\Database\BaseConnection->initialize()
#2 C:\xampp\xampp8160\htdocs\musica_ci443\system\Database\BaseBuilder.php(1615): CodeIgniter\Database\BaseConnection->query('SELECT *\nFROM `...', Array, false)
#3 C:\xampp\xampp8160\htdocs\musica_ci443\vendor\codeigniter4\settings\src\Handlers\DatabaseHandler.php(173): CodeIgniter\Database\BaseBuilder->get()
#4 C:\xampp\xampp8160\htdocs\musica_ci443\vendor\codeigniter4\settings\src\Handlers\DatabaseHandler.php(51): CodeIgniter\Settings\Handlers\DatabaseHandler->hydrate(NULL)
#5 C:\xampp\xampp8160\htdocs\musica_ci443\vendor\codeigniter4\settings\src\Settings.php(59): CodeIgniter\Settings\Handlers\DatabaseHandler->has('Config\\Auth', 'sessionConfig', NULL)
#6 C:\xampp\xampp8160\htdocs\musica_ci443\vendor\codeigniter4\settings\src\Helpers\setting_helper.php(25): CodeIgniter\Settings\Settings->get('Auth.sessionCon...')
#7 C:\xampp\xampp8160\htdocs\musica_ci443\vendor\codeigniter4\shield\src\Authentication\Authenticators\Session.php(696): setting('Auth.sessionCon...')
#8 C:\xampp\xampp8160\htdocs\musica_ci443\vendor\codeigniter4\shield\src\Authentication\Authenticators\Session.php(714): CodeIgniter\Shield\Authentication\Authenticators\Session->getSessionUserInfo()
#9 C:\xampp\xampp8160\htdocs\musica_ci443\vendor\codeigniter4\shield\src\Authentication\Authenticators\Session.php(401): CodeIgniter\Shield\Authentication\Authenticators\Session->getSessionKey('id')
#10 C:\xampp\xampp8160\htdocs\musica_ci443\vendor\codeigniter4\shield\src\Authentication\Authenticators\Session.php(385): CodeIgniter\Shield\Authentication\Authenticators\Session->checkUserState()
#11 C:\xampp\xampp8160\htdocs\musica_ci443\vendor\codeigniter4\shield\src\Auth.php(189): CodeIgniter\Shield\Authentication\Authenticators\Session->loggedIn()
#12 C:\xampp\xampp8160\htdocs\musica_ci443\app\Views\music_list_section\index.php(90): CodeIgniter\Shield\Auth->__call('loggedIn', Array)
#13 C:\xampp\xampp8160\htdocs\musica_ci443\system\View\View.php(228): include('C:\\xampp\\xampp8...')
#14 C:\xampp\xampp8160\htdocs\musica_ci443\system\View\View.php(231): CodeIgniter\View\View->CodeIgniter\View\{closure}()
#15 C:\xampp\xampp8160\htdocs\musica_ci443\system\Common.php(1190): CodeIgniter\View\View->render('music_list_sect...', Array, true)
#16 C:\xampp\xampp8160\htdocs\musica_ci443\app\Config\Routes.php(19): view('music_list_sect...')
#17 C:\xampp\xampp8160\htdocs\musica_ci443\system\CodeIgniter.php(891): CodeIgniter\Router\RouteCollection::{closure}()
#18 C:\xampp\xampp8160\htdocs\musica_ci443\system\CodeIgniter.php(489): CodeIgniter\CodeIgniter->startController()
#19 C:\xampp\xampp8160\htdocs\musica_ci443\system\CodeIgniter.php(361): CodeIgniter\CodeIgniter->handleRequest(NULL, Object(Config\Cache), false)
#20 C:\xampp\xampp8160\htdocs\musica_ci443\public\index.php(79): CodeIgniter\CodeIgniter->run()
#21 C:\xampp\xampp8160\htdocs\musica_ci443\system\Commands\Server\rewrite.php(47): require_once('C:\\xampp\\xampp8...')
#22 {main}
CRITICAL - 2024-01-14 05:57:19 --> Unable to connect to the database.
Main connection [MySQLi]: No connection could be made because the target machine actively refused it
in SYSTEMPATH\Database\BaseConnection.php on line 428.
 1 SYSTEMPATH\Database\BaseConnection.php(575): CodeIgniter\Database\BaseConnection->initialize()
 2 SYSTEMPATH\Database\BaseBuilder.php(1615): CodeIgniter\Database\BaseConnection->query('SELECT *
FROM `settings`
WHERE `context` IS NULL', [], false)
 3 VENDORPATH\codeigniter4\settings\src\Handlers\DatabaseHandler.php(173): CodeIgniter\Database\BaseBuilder->get()
 4 VENDORPATH\codeigniter4\settings\src\Handlers\DatabaseHandler.php(51): CodeIgniter\Settings\Handlers\DatabaseHandler->hydrate(null)
 5 VENDORPATH\codeigniter4\settings\src\Settings.php(59): CodeIgniter\Settings\Handlers\DatabaseHandler->has('Config\\Auth', 'sessionConfig', null)
 6 VENDORPATH\codeigniter4\settings\src\Helpers\setting_helper.php(25): CodeIgniter\Settings\Settings->get('Auth.sessionConfig')
 7 VENDORPATH\codeigniter4\shield\src\Authentication\Authenticators\Session.php(696): setting('Auth.sessionConfig')
 8 VENDORPATH\codeigniter4\shield\src\Authentication\Authenticators\Session.php(714): CodeIgniter\Shield\Authentication\Authenticators\Session->getSessionUserInfo()
 9 VENDORPATH\codeigniter4\shield\src\Authentication\Authenticators\Session.php(401): CodeIgniter\Shield\Authentication\Authenticators\Session->getSessionKey('id')
10 VENDORPATH\codeigniter4\shield\src\Authentication\Authenticators\Session.php(385): CodeIgniter\Shield\Authentication\Authenticators\Session->checkUserState()
11 VENDORPATH\codeigniter4\shield\src\Auth.php(189): CodeIgniter\Shield\Authentication\Authenticators\Session->loggedIn()
12 APPPATH\Views\music_list_section\index.php(90): CodeIgniter\Shield\Auth->__call('loggedIn', [])
13 SYSTEMPATH\View\View.php(228): include('C:\\xampp\\xampp8160\\htdocs\\musica_ci443\\app\\Views\\music_list_section\\index.php')
14 SYSTEMPATH\View\View.php(231): CodeIgniter\View\View->CodeIgniter\View\{closure}()
15 SYSTEMPATH\Common.php(1190): CodeIgniter\View\View->render('music_list_section/index', [], true)
16 APPPATH\Config\Routes.php(19): view('music_list_section/index')
17 SYSTEMPATH\CodeIgniter.php(891): CodeIgniter\Router\RouteCollection::{closure}()
18 SYSTEMPATH\CodeIgniter.php(489): CodeIgniter\CodeIgniter->startController()
19 SYSTEMPATH\CodeIgniter.php(361): CodeIgniter\CodeIgniter->handleRequest(null, Object(Config\Cache), false)
20 FCPATH\index.php(79): CodeIgniter\CodeIgniter->run()
21 SYSTEMPATH\Commands\Server\rewrite.php(47): require_once('C:\\xampp\\xampp8160\\htdocs\\musica_ci443\\public\\index.php')
ERROR - 2024-01-14 05:57:29 --> Error connecting to the database: mysqli_sql_exception: No connection could be made because the target machine actively refused it in C:\xampp\xampp8160\htdocs\musica_ci443\system\Database\MySQLi\Connection.php:185
Stack trace:
#0 C:\xampp\xampp8160\htdocs\musica_ci443\system\Database\MySQLi\Connection.php(185): mysqli->real_connect('localhost', 'root', '', 'db_musica', 3306, '', 0)
#1 C:\xampp\xampp8160\htdocs\musica_ci443\system\Database\BaseConnection.php(392): CodeIgniter\Database\MySQLi\Connection->connect(false)
#2 C:\xampp\xampp8160\htdocs\musica_ci443\system\Database\BaseConnection.php(575): CodeIgniter\Database\BaseConnection->initialize()
#3 C:\xampp\xampp8160\htdocs\musica_ci443\system\Database\BaseBuilder.php(1615): CodeIgniter\Database\BaseConnection->query('SELECT *\nFROM `...', Array, false)
#4 C:\xampp\xampp8160\htdocs\musica_ci443\vendor\codeigniter4\settings\src\Handlers\DatabaseHandler.php(173): CodeIgniter\Database\BaseBuilder->get()
#5 C:\xampp\xampp8160\htdocs\musica_ci443\vendor\codeigniter4\settings\src\Handlers\DatabaseHandler.php(51): CodeIgniter\Settings\Handlers\DatabaseHandler->hydrate(NULL)
#6 C:\xampp\xampp8160\htdocs\musica_ci443\vendor\codeigniter4\settings\src\Settings.php(59): CodeIgniter\Settings\Handlers\DatabaseHandler->has('Config\\Auth', 'sessionConfig', NULL)
#7 C:\xampp\xampp8160\htdocs\musica_ci443\vendor\codeigniter4\settings\src\Helpers\setting_helper.php(25): CodeIgniter\Settings\Settings->get('Auth.sessionCon...')
#8 C:\xampp\xampp8160\htdocs\musica_ci443\vendor\codeigniter4\shield\src\Authentication\Authenticators\Session.php(696): setting('Auth.sessionCon...')
#9 C:\xampp\xampp8160\htdocs\musica_ci443\vendor\codeigniter4\shield\src\Authentication\Authenticators\Session.php(714): CodeIgniter\Shield\Authentication\Authenticators\Session->getSessionUserInfo()
#10 C:\xampp\xampp8160\htdocs\musica_ci443\vendor\codeigniter4\shield\src\Authentication\Authenticators\Session.php(401): CodeIgniter\Shield\Authentication\Authenticators\Session->getSessionKey('id')
#11 C:\xampp\xampp8160\htdocs\musica_ci443\vendor\codeigniter4\shield\src\Authentication\Authenticators\Session.php(385): CodeIgniter\Shield\Authentication\Authenticators\Session->checkUserState()
#12 C:\xampp\xampp8160\htdocs\musica_ci443\vendor\codeigniter4\shield\src\Filters\SessionAuth.php(54): CodeIgniter\Shield\Authentication\Authenticators\Session->loggedIn()
#13 C:\xampp\xampp8160\htdocs\musica_ci443\system\Filters\Filters.php(186): CodeIgniter\Shield\Filters\SessionAuth->before(Object(CodeIgniter\HTTP\IncomingRequest), NULL)
#14 C:\xampp\xampp8160\htdocs\musica_ci443\system\CodeIgniter.php(474): CodeIgniter\Filters\Filters->run('', 'before')
#15 C:\xampp\xampp8160\htdocs\musica_ci443\system\CodeIgniter.php(361): CodeIgniter\CodeIgniter->handleRequest(NULL, Object(Config\Cache), false)
#16 C:\xampp\xampp8160\htdocs\musica_ci443\public\index.php(79): CodeIgniter\CodeIgniter->run()
#17 C:\xampp\xampp8160\htdocs\musica_ci443\system\Commands\Server\rewrite.php(47): require_once('C:\\xampp\\xampp8...')
#18 {main}

Next CodeIgniter\Database\Exceptions\DatabaseException: No connection could be made because the target machine actively refused it in C:\xampp\xampp8160\htdocs\musica_ci443\system\Database\MySQLi\Connection.php:229
Stack trace:
#0 C:\xampp\xampp8160\htdocs\musica_ci443\system\Database\BaseConnection.php(392): CodeIgniter\Database\MySQLi\Connection->connect(false)
#1 C:\xampp\xampp8160\htdocs\musica_ci443\system\Database\BaseConnection.php(575): CodeIgniter\Database\BaseConnection->initialize()
#2 C:\xampp\xampp8160\htdocs\musica_ci443\system\Database\BaseBuilder.php(1615): CodeIgniter\Database\BaseConnection->query('SELECT *\nFROM `...', Array, false)
#3 C:\xampp\xampp8160\htdocs\musica_ci443\vendor\codeigniter4\settings\src\Handlers\DatabaseHandler.php(173): CodeIgniter\Database\BaseBuilder->get()
#4 C:\xampp\xampp8160\htdocs\musica_ci443\vendor\codeigniter4\settings\src\Handlers\DatabaseHandler.php(51): CodeIgniter\Settings\Handlers\DatabaseHandler->hydrate(NULL)
#5 C:\xampp\xampp8160\htdocs\musica_ci443\vendor\codeigniter4\settings\src\Settings.php(59): CodeIgniter\Settings\Handlers\DatabaseHandler->has('Config\\Auth', 'sessionConfig', NULL)
#6 C:\xampp\xampp8160\htdocs\musica_ci443\vendor\codeigniter4\settings\src\Helpers\setting_helper.php(25): CodeIgniter\Settings\Settings->get('Auth.sessionCon...')
#7 C:\xampp\xampp8160\htdocs\musica_ci443\vendor\codeigniter4\shield\src\Authentication\Authenticators\Session.php(696): setting('Auth.sessionCon...')
#8 C:\xampp\xampp8160\htdocs\musica_ci443\vendor\codeigniter4\shield\src\Authentication\Authenticators\Session.php(714): CodeIgniter\Shield\Authentication\Authenticators\Session->getSessionUserInfo()
#9 C:\xampp\xampp8160\htdocs\musica_ci443\vendor\codeigniter4\shield\src\Authentication\Authenticators\Session.php(401): CodeIgniter\Shield\Authentication\Authenticators\Session->getSessionKey('id')
#10 C:\xampp\xampp8160\htdocs\musica_ci443\vendor\codeigniter4\shield\src\Authentication\Authenticators\Session.php(385): CodeIgniter\Shield\Authentication\Authenticators\Session->checkUserState()
#11 C:\xampp\xampp8160\htdocs\musica_ci443\vendor\codeigniter4\shield\src\Filters\SessionAuth.php(54): CodeIgniter\Shield\Authentication\Authenticators\Session->loggedIn()
#12 C:\xampp\xampp8160\htdocs\musica_ci443\system\Filters\Filters.php(186): CodeIgniter\Shield\Filters\SessionAuth->before(Object(CodeIgniter\HTTP\IncomingRequest), NULL)
#13 C:\xampp\xampp8160\htdocs\musica_ci443\system\CodeIgniter.php(474): CodeIgniter\Filters\Filters->run('', 'before')
#14 C:\xampp\xampp8160\htdocs\musica_ci443\system\CodeIgniter.php(361): CodeIgniter\CodeIgniter->handleRequest(NULL, Object(Config\Cache), false)
#15 C:\xampp\xampp8160\htdocs\musica_ci443\public\index.php(79): CodeIgniter\CodeIgniter->run()
#16 C:\xampp\xampp8160\htdocs\musica_ci443\system\Commands\Server\rewrite.php(47): require_once('C:\\xampp\\xampp8...')
#17 {main}
CRITICAL - 2024-01-14 05:57:29 --> Unable to connect to the database.
Main connection [MySQLi]: No connection could be made because the target machine actively refused it
in SYSTEMPATH\Database\BaseConnection.php on line 428.
 1 SYSTEMPATH\Database\BaseConnection.php(575): CodeIgniter\Database\BaseConnection->initialize()
 2 SYSTEMPATH\Database\BaseBuilder.php(1615): CodeIgniter\Database\BaseConnection->query('SELECT *
FROM `settings`
WHERE `context` IS NULL', [], false)
 3 VENDORPATH\codeigniter4\settings\src\Handlers\DatabaseHandler.php(173): CodeIgniter\Database\BaseBuilder->get()
 4 VENDORPATH\codeigniter4\settings\src\Handlers\DatabaseHandler.php(51): CodeIgniter\Settings\Handlers\DatabaseHandler->hydrate(null)
 5 VENDORPATH\codeigniter4\settings\src\Settings.php(59): CodeIgniter\Settings\Handlers\DatabaseHandler->has('Config\\Auth', 'sessionConfig', null)
 6 VENDORPATH\codeigniter4\settings\src\Helpers\setting_helper.php(25): CodeIgniter\Settings\Settings->get('Auth.sessionConfig')
 7 VENDORPATH\codeigniter4\shield\src\Authentication\Authenticators\Session.php(696): setting('Auth.sessionConfig')
 8 VENDORPATH\codeigniter4\shield\src\Authentication\Authenticators\Session.php(714): CodeIgniter\Shield\Authentication\Authenticators\Session->getSessionUserInfo()
 9 VENDORPATH\codeigniter4\shield\src\Authentication\Authenticators\Session.php(401): CodeIgniter\Shield\Authentication\Authenticators\Session->getSessionKey('id')
10 VENDORPATH\codeigniter4\shield\src\Authentication\Authenticators\Session.php(385): CodeIgniter\Shield\Authentication\Authenticators\Session->checkUserState()
11 VENDORPATH\codeigniter4\shield\src\Filters\SessionAuth.php(54): CodeIgniter\Shield\Authentication\Authenticators\Session->loggedIn()
12 SYSTEMPATH\Filters\Filters.php(186): CodeIgniter\Shield\Filters\SessionAuth->before(Object(CodeIgniter\HTTP\IncomingRequest), null)
13 SYSTEMPATH\CodeIgniter.php(474): CodeIgniter\Filters\Filters->run('', 'before')
14 SYSTEMPATH\CodeIgniter.php(361): CodeIgniter\CodeIgniter->handleRequest(null, Object(Config\Cache), false)
15 FCPATH\index.php(79): CodeIgniter\CodeIgniter->run()
16 SYSTEMPATH\Commands\Server\rewrite.php(47): require_once('C:\\xampp\\xampp8160\\htdocs\\musica_ci443\\public\\index.php')
CRITICAL - 2024-01-14 06:00:43 --> 28 : Operation timed out after 10000 milliseconds with 8955 bytes received
in SYSTEMPATH\HTTP\CURLRequest.php on line 693.
 1 SYSTEMPATH\HTTP\CURLRequest.php(693): CodeIgniter\HTTP\Exceptions\HTTPException::forCurlError('28', 'Operation timed out after 10000 milliseconds with 8955 bytes received')
 2 SYSTEMPATH\HTTP\CURLRequest.php(387): CodeIgniter\HTTP\CURLRequest->sendRequest([...])
 3 SYSTEMPATH\HTTP\CURLRequest.php(145): CodeIgniter\HTTP\CURLRequest->send('get', 'https://deezerdevs-deezer.p.rapidapi.com/search?q=avenged+sevenfold')
 4 SYSTEMPATH\HTTP\CURLRequest.php(180): CodeIgniter\HTTP\CURLRequest->request('get', 'https://deezerdevs-deezer.p.rapidapi.com/search', [])
 5 APPPATH\Controllers\AJAXRequest.php(29): CodeIgniter\HTTP\CURLRequest->get('search')
 6 SYSTEMPATH\CodeIgniter.php(942): App\Controllers\AJAXRequest->requestData()
 7 SYSTEMPATH\CodeIgniter.php(502): CodeIgniter\CodeIgniter->runController(Object(App\Controllers\AJAXRequest))
 8 SYSTEMPATH\CodeIgniter.php(361): CodeIgniter\CodeIgniter->handleRequest(null, Object(Config\Cache), false)
 9 FCPATH\index.php(79): CodeIgniter\CodeIgniter->run()
10 SYSTEMPATH\Commands\Server\rewrite.php(47): require_once('C:\\xampp\\xampp8160\\htdocs\\musica_ci443\\public\\index.php')
CRITICAL - 2024-01-14 06:38:08 --> The action you requested is not allowed.
in SYSTEMPATH\Security\Security.php on line 300.
 1 SYSTEMPATH\Security\Security.php(300): CodeIgniter\Security\Exceptions\SecurityException::forDisallowedAction()
 2 SYSTEMPATH\Filters\CSRF.php(56): CodeIgniter\Security\Security->verify(Object(CodeIgniter\HTTP\IncomingRequest))
 3 SYSTEMPATH\Filters\Filters.php(186): CodeIgniter\Filters\CSRF->before(Object(CodeIgniter\HTTP\IncomingRequest), null)
 4 SYSTEMPATH\CodeIgniter.php(474): CodeIgniter\Filters\Filters->run('addToPlaylist', 'before')
 5 SYSTEMPATH\CodeIgniter.php(361): CodeIgniter\CodeIgniter->handleRequest(null, Object(Config\Cache), false)
 6 FCPATH\index.php(79): CodeIgniter\CodeIgniter->run()
 7 SYSTEMPATH\Commands\Server\rewrite.php(47): require_once('C:\\xampp\\xampp8160\\htdocs\\musica_ci443\\public\\index.php')
