CRITICAL - 2024-01-02 01:44:15 --> Object of class stdClass could not be converted to string
in APPPATH\Controllers\AJAXRequest.php on line 28.
 1 SYSTEMPATH\CodeIgniter.php(942): App\Controllers\AJAXRequest->requestData()
 2 SYSTEMPATH\CodeIgniter.php(502): CodeIgniter\CodeIgniter->runController(Object(App\Controllers\AJAXRequest))
 3 SYSTEMPATH\CodeIgniter.php(361): CodeIgniter\CodeIgniter->handleRequest(null, Object(Config\Cache), false)
 4 FCPATH\index.php(79): CodeIgniter\CodeIgniter->run()
 5 SYSTEMPATH\Commands\Server\rewrite.php(47): require_once('C:\\xampp\\xampp8160\\htdocs\\musica_ci443\\public\\index.php')
CRITICAL - 2024-01-02 01:45:02 --> 28 : Operation timed out after 3000 milliseconds with 0 out of 0 bytes received
in SYSTEMPATH\HTTP\CURLRequest.php on line 693.
 1 SYSTEMPATH\HTTP\CURLRequest.php(693): CodeIgniter\HTTP\Exceptions\HTTPException::forCurlError('28', 'Operation timed out after 3000 milliseconds with 0 out of 0 bytes received')
 2 SYSTEMPATH\HTTP\CURLRequest.php(387): CodeIgniter\HTTP\CURLRequest->sendRequest([...])
 3 SYSTEMPATH\HTTP\CURLRequest.php(145): CodeIgniter\HTTP\CURLRequest->send('get', 'https://deezerdevs-deezer.p.rapidapi.com/search?q=tipe+x')
 4 SYSTEMPATH\HTTP\CURLRequest.php(180): CodeIgniter\HTTP\CURLRequest->request('get', 'https://deezerdevs-deezer.p.rapidapi.com/search', [])
 5 APPPATH\Controllers\AJAXRequest.php(26): CodeIgniter\HTTP\CURLRequest->get('search')
 6 SYSTEMPATH\CodeIgniter.php(942): App\Controllers\AJAXRequest->requestData()
 7 SYSTEMPATH\CodeIgniter.php(502): CodeIgniter\CodeIgniter->runController(Object(App\Controllers\AJAXRequest))
 8 SYSTEMPATH\CodeIgniter.php(361): CodeIgniter\CodeIgniter->handleRequest(null, Object(Config\Cache), false)
 9 FCPATH\index.php(79): CodeIgniter\CodeIgniter->run()
10 SYSTEMPATH\Commands\Server\rewrite.php(47): require_once('C:\\xampp\\xampp8160\\htdocs\\musica_ci443\\public\\index.php')
CRITICAL - 2024-01-02 01:45:43 --> 28 : Operation timed out after 3000 milliseconds with 14787 bytes received
in SYSTEMPATH\HTTP\CURLRequest.php on line 693.
 1 SYSTEMPATH\HTTP\CURLRequest.php(693): CodeIgniter\HTTP\Exceptions\HTTPException::forCurlError('28', 'Operation timed out after 3000 milliseconds with 14787 bytes received')
 2 SYSTEMPATH\HTTP\CURLRequest.php(387): CodeIgniter\HTTP\CURLRequest->sendRequest([...])
 3 SYSTEMPATH\HTTP\CURLRequest.php(145): CodeIgniter\HTTP\CURLRequest->send('get', 'https://deezerdevs-deezer.p.rapidapi.com/search?q=tipe+x')
 4 SYSTEMPATH\HTTP\CURLRequest.php(180): CodeIgniter\HTTP\CURLRequest->request('get', 'https://deezerdevs-deezer.p.rapidapi.com/search', [])
 5 APPPATH\Controllers\AJAXRequest.php(26): CodeIgniter\HTTP\CURLRequest->get('search')
 6 SYSTEMPATH\CodeIgniter.php(942): App\Controllers\AJAXRequest->requestData()
 7 SYSTEMPATH\CodeIgniter.php(502): CodeIgniter\CodeIgniter->runController(Object(App\Controllers\AJAXRequest))
 8 SYSTEMPATH\CodeIgniter.php(361): CodeIgniter\CodeIgniter->handleRequest(null, Object(Config\Cache), false)
 9 FCPATH\index.php(79): CodeIgniter\CodeIgniter->run()
10 SYSTEMPATH\Commands\Server\rewrite.php(47): require_once('C:\\xampp\\xampp8160\\htdocs\\musica_ci443\\public\\index.php')
CRITICAL - 2024-01-02 01:46:34 --> 28 : Operation timed out after 3001 milliseconds with 0 bytes received
in SYSTEMPATH\HTTP\CURLRequest.php on line 693.
 1 SYSTEMPATH\HTTP\CURLRequest.php(693): CodeIgniter\HTTP\Exceptions\HTTPException::forCurlError('28', 'Operation timed out after 3001 milliseconds with 0 bytes received')
 2 SYSTEMPATH\HTTP\CURLRequest.php(387): CodeIgniter\HTTP\CURLRequest->sendRequest([...])
 3 SYSTEMPATH\HTTP\CURLRequest.php(145): CodeIgniter\HTTP\CURLRequest->send('get', 'https://deezerdevs-deezer.p.rapidapi.com/search?q=tipe+x')
 4 SYSTEMPATH\HTTP\CURLRequest.php(180): CodeIgniter\HTTP\CURLRequest->request('get', 'https://deezerdevs-deezer.p.rapidapi.com/search', [])
 5 APPPATH\Controllers\AJAXRequest.php(26): CodeIgniter\HTTP\CURLRequest->get('search')
 6 SYSTEMPATH\CodeIgniter.php(942): App\Controllers\AJAXRequest->requestData()
 7 SYSTEMPATH\CodeIgniter.php(502): CodeIgniter\CodeIgniter->runController(Object(App\Controllers\AJAXRequest))
 8 SYSTEMPATH\CodeIgniter.php(361): CodeIgniter\CodeIgniter->handleRequest(null, Object(Config\Cache), false)
 9 FCPATH\index.php(79): CodeIgniter\CodeIgniter->run()
10 SYSTEMPATH\Commands\Server\rewrite.php(47): require_once('C:\\xampp\\xampp8160\\htdocs\\musica_ci443\\public\\index.php')
CRITICAL - 2024-01-02 01:47:05 --> 28 : Operation timed out after 3000 milliseconds with 34282 bytes received
in SYSTEMPATH\HTTP\CURLRequest.php on line 693.
 1 SYSTEMPATH\HTTP\CURLRequest.php(693): CodeIgniter\HTTP\Exceptions\HTTPException::forCurlError('28', 'Operation timed out after 3000 milliseconds with 34282 bytes received')
 2 SYSTEMPATH\HTTP\CURLRequest.php(387): CodeIgniter\HTTP\CURLRequest->sendRequest([...])
 3 SYSTEMPATH\HTTP\CURLRequest.php(145): CodeIgniter\HTTP\CURLRequest->send('get', 'https://deezerdevs-deezer.p.rapidapi.com/search?q=tipe+x')
 4 SYSTEMPATH\HTTP\CURLRequest.php(180): CodeIgniter\HTTP\CURLRequest->request('get', 'https://deezerdevs-deezer.p.rapidapi.com/search', [])
 5 APPPATH\Controllers\AJAXRequest.php(26): CodeIgniter\HTTP\CURLRequest->get('search')
 6 SYSTEMPATH\CodeIgniter.php(942): App\Controllers\AJAXRequest->requestData()
 7 SYSTEMPATH\CodeIgniter.php(502): CodeIgniter\CodeIgniter->runController(Object(App\Controllers\AJAXRequest))
 8 SYSTEMPATH\CodeIgniter.php(361): CodeIgniter\CodeIgniter->handleRequest(null, Object(Config\Cache), false)
 9 FCPATH\index.php(79): CodeIgniter\CodeIgniter->run()
10 SYSTEMPATH\Commands\Server\rewrite.php(47): require_once('C:\\xampp\\xampp8160\\htdocs\\musica_ci443\\public\\index.php')
CRITICAL - 2024-01-02 01:48:13 --> Cannot access offset of type string on string
in APPPATH\Controllers\AJAXRequest.php on line 29.
 1 SYSTEMPATH\CodeIgniter.php(942): App\Controllers\AJAXRequest->requestData()
 2 SYSTEMPATH\CodeIgniter.php(502): CodeIgniter\CodeIgniter->runController(Object(App\Controllers\AJAXRequest))
 3 SYSTEMPATH\CodeIgniter.php(361): CodeIgniter\CodeIgniter->handleRequest(null, Object(Config\Cache), false)
 4 FCPATH\index.php(79): CodeIgniter\CodeIgniter->run()
 5 SYSTEMPATH\Commands\Server\rewrite.php(47): require_once('C:\\xampp\\xampp8160\\htdocs\\musica_ci443\\public\\index.php')
CRITICAL - 2024-01-02 01:48:51 --> 28 : Operation timed out after 3000 milliseconds with 8955 bytes received
in SYSTEMPATH\HTTP\CURLRequest.php on line 693.
 1 SYSTEMPATH\HTTP\CURLRequest.php(693): CodeIgniter\HTTP\Exceptions\HTTPException::forCurlError('28', 'Operation timed out after 3000 milliseconds with 8955 bytes received')
 2 SYSTEMPATH\HTTP\CURLRequest.php(387): CodeIgniter\HTTP\CURLRequest->sendRequest([...])
 3 SYSTEMPATH\HTTP\CURLRequest.php(145): CodeIgniter\HTTP\CURLRequest->send('get', 'https://deezerdevs-deezer.p.rapidapi.com/search?q=tipe+x')
 4 SYSTEMPATH\HTTP\CURLRequest.php(180): CodeIgniter\HTTP\CURLRequest->request('get', 'https://deezerdevs-deezer.p.rapidapi.com/search', [])
 5 APPPATH\Controllers\AJAXRequest.php(26): CodeIgniter\HTTP\CURLRequest->get('search')
 6 SYSTEMPATH\CodeIgniter.php(942): App\Controllers\AJAXRequest->requestData()
 7 SYSTEMPATH\CodeIgniter.php(502): CodeIgniter\CodeIgniter->runController(Object(App\Controllers\AJAXRequest))
 8 SYSTEMPATH\CodeIgniter.php(361): CodeIgniter\CodeIgniter->handleRequest(null, Object(Config\Cache), false)
 9 FCPATH\index.php(79): CodeIgniter\CodeIgniter->run()
10 SYSTEMPATH\Commands\Server\rewrite.php(47): require_once('C:\\xampp\\xampp8160\\htdocs\\musica_ci443\\public\\index.php')
CRITICAL - 2024-01-02 02:46:29 --> 28 : Operation timed out after 3000 milliseconds with 0 bytes received
in SYSTEMPATH\HTTP\CURLRequest.php on line 693.
 1 SYSTEMPATH\HTTP\CURLRequest.php(693): CodeIgniter\HTTP\Exceptions\HTTPException::forCurlError('28', 'Operation timed out after 3000 milliseconds with 0 bytes received')
 2 SYSTEMPATH\HTTP\CURLRequest.php(387): CodeIgniter\HTTP\CURLRequest->sendRequest([...])
 3 SYSTEMPATH\HTTP\CURLRequest.php(145): CodeIgniter\HTTP\CURLRequest->send('get', 'https://deezerdevs-deezer.p.rapidapi.com/search?q=tipe+x')
 4 SYSTEMPATH\HTTP\CURLRequest.php(180): CodeIgniter\HTTP\CURLRequest->request('get', 'https://deezerdevs-deezer.p.rapidapi.com/search', [])
 5 APPPATH\Controllers\AJAXRequest.php(26): CodeIgniter\HTTP\CURLRequest->get('search')
 6 SYSTEMPATH\CodeIgniter.php(942): App\Controllers\AJAXRequest->requestData()
 7 SYSTEMPATH\CodeIgniter.php(502): CodeIgniter\CodeIgniter->runController(Object(App\Controllers\AJAXRequest))
 8 SYSTEMPATH\CodeIgniter.php(361): CodeIgniter\CodeIgniter->handleRequest(null, Object(Config\Cache), false)
 9 FCPATH\index.php(79): CodeIgniter\CodeIgniter->run()
10 SYSTEMPATH\Commands\Server\rewrite.php(47): require_once('C:\\xampp\\xampp8160\\htdocs\\musica_ci443\\public\\index.php')
CRITICAL - 2024-01-02 02:47:14 --> 28 : Operation timed out after 3001 milliseconds with 0 bytes received
in SYSTEMPATH\HTTP\CURLRequest.php on line 693.
 1 SYSTEMPATH\HTTP\CURLRequest.php(693): CodeIgniter\HTTP\Exceptions\HTTPException::forCurlError('28', 'Operation timed out after 3001 milliseconds with 0 bytes received')
 2 SYSTEMPATH\HTTP\CURLRequest.php(387): CodeIgniter\HTTP\CURLRequest->sendRequest([...])
 3 SYSTEMPATH\HTTP\CURLRequest.php(145): CodeIgniter\HTTP\CURLRequest->send('get', 'https://deezerdevs-deezer.p.rapidapi.com/search?q=tipe+x')
 4 SYSTEMPATH\HTTP\CURLRequest.php(180): CodeIgniter\HTTP\CURLRequest->request('get', 'https://deezerdevs-deezer.p.rapidapi.com/search', [])
 5 APPPATH\Controllers\AJAXRequest.php(26): CodeIgniter\HTTP\CURLRequest->get('search')
 6 SYSTEMPATH\CodeIgniter.php(942): App\Controllers\AJAXRequest->requestData()
 7 SYSTEMPATH\CodeIgniter.php(502): CodeIgniter\CodeIgniter->runController(Object(App\Controllers\AJAXRequest))
 8 SYSTEMPATH\CodeIgniter.php(361): CodeIgniter\CodeIgniter->handleRequest(null, Object(Config\Cache), false)
 9 FCPATH\index.php(79): CodeIgniter\CodeIgniter->run()
10 SYSTEMPATH\Commands\Server\rewrite.php(47): require_once('C:\\xampp\\xampp8160\\htdocs\\musica_ci443\\public\\index.php')
CRITICAL - 2024-01-02 06:06:57 --> 28 : Operation timed out after 3000 milliseconds with 25321 bytes received
in SYSTEMPATH\HTTP\CURLRequest.php on line 693.
 1 SYSTEMPATH\HTTP\CURLRequest.php(693): CodeIgniter\HTTP\Exceptions\HTTPException::forCurlError('28', 'Operation timed out after 3000 milliseconds with 25321 bytes received')
 2 SYSTEMPATH\HTTP\CURLRequest.php(387): CodeIgniter\HTTP\CURLRequest->sendRequest([...])
 3 SYSTEMPATH\HTTP\CURLRequest.php(145): CodeIgniter\HTTP\CURLRequest->send('get', 'https://deezerdevs-deezer.p.rapidapi.com/search?q=tipe+x')
 4 SYSTEMPATH\HTTP\CURLRequest.php(180): CodeIgniter\HTTP\CURLRequest->request('get', 'https://deezerdevs-deezer.p.rapidapi.com/search', [])
 5 APPPATH\Controllers\AJAXRequest.php(26): CodeIgniter\HTTP\CURLRequest->get('search')
 6 SYSTEMPATH\CodeIgniter.php(942): App\Controllers\AJAXRequest->requestData()
 7 SYSTEMPATH\CodeIgniter.php(502): CodeIgniter\CodeIgniter->runController(Object(App\Controllers\AJAXRequest))
 8 SYSTEMPATH\CodeIgniter.php(361): CodeIgniter\CodeIgniter->handleRequest(null, Object(Config\Cache), false)
 9 FCPATH\index.php(79): CodeIgniter\CodeIgniter->run()
10 SYSTEMPATH\Commands\Server\rewrite.php(47): require_once('C:\\xampp\\xampp8160\\htdocs\\musica_ci443\\public\\index.php')
CRITICAL - 2024-01-02 09:17:34 --> 28 : Operation timed out after 3000 milliseconds with 14789 bytes received
in SYSTEMPATH\HTTP\CURLRequest.php on line 693.
 1 SYSTEMPATH\HTTP\CURLRequest.php(693): CodeIgniter\HTTP\Exceptions\HTTPException::forCurlError('28', 'Operation timed out after 3000 milliseconds with 14789 bytes received')
 2 SYSTEMPATH\HTTP\CURLRequest.php(387): CodeIgniter\HTTP\CURLRequest->sendRequest([...])
 3 SYSTEMPATH\HTTP\CURLRequest.php(145): CodeIgniter\HTTP\CURLRequest->send('get', 'https://deezerdevs-deezer.p.rapidapi.com/search?q=tipe+x')
 4 SYSTEMPATH\HTTP\CURLRequest.php(180): CodeIgniter\HTTP\CURLRequest->request('get', 'https://deezerdevs-deezer.p.rapidapi.com/search', [])
 5 APPPATH\Controllers\AJAXRequest.php(26): CodeIgniter\HTTP\CURLRequest->get('search')
 6 SYSTEMPATH\CodeIgniter.php(942): App\Controllers\AJAXRequest->requestData()
 7 SYSTEMPATH\CodeIgniter.php(502): CodeIgniter\CodeIgniter->runController(Object(App\Controllers\AJAXRequest))
 8 SYSTEMPATH\CodeIgniter.php(361): CodeIgniter\CodeIgniter->handleRequest(null, Object(Config\Cache), false)
 9 FCPATH\index.php(79): CodeIgniter\CodeIgniter->run()
10 SYSTEMPATH\Commands\Server\rewrite.php(47): require_once('C:\\xampp\\xampp8160\\htdocs\\musica_ci443\\public\\index.php')
CRITICAL - 2024-01-02 13:53:34 --> 28 : Operation timed out after 3000 milliseconds with 0 bytes received
in SYSTEMPATH\HTTP\CURLRequest.php on line 693.
 1 SYSTEMPATH\HTTP\CURLRequest.php(693): CodeIgniter\HTTP\Exceptions\HTTPException::forCurlError('28', 'Operation timed out after 3000 milliseconds with 0 bytes received')
 2 SYSTEMPATH\HTTP\CURLRequest.php(387): CodeIgniter\HTTP\CURLRequest->sendRequest([...])
 3 SYSTEMPATH\HTTP\CURLRequest.php(145): CodeIgniter\HTTP\CURLRequest->send('get', 'https://deezerdevs-deezer.p.rapidapi.com/search?q=tipe+x')
 4 SYSTEMPATH\HTTP\CURLRequest.php(180): CodeIgniter\HTTP\CURLRequest->request('get', 'https://deezerdevs-deezer.p.rapidapi.com/search', [])
 5 APPPATH\Controllers\AJAXRequest.php(26): CodeIgniter\HTTP\CURLRequest->get('search')
 6 SYSTEMPATH\CodeIgniter.php(942): App\Controllers\AJAXRequest->requestData()
 7 SYSTEMPATH\CodeIgniter.php(502): CodeIgniter\CodeIgniter->runController(Object(App\Controllers\AJAXRequest))
 8 SYSTEMPATH\CodeIgniter.php(361): CodeIgniter\CodeIgniter->handleRequest(null, Object(Config\Cache), false)
 9 FCPATH\index.php(79): CodeIgniter\CodeIgniter->run()
10 SYSTEMPATH\Commands\Server\rewrite.php(47): require_once('C:\\xampp\\xampp8160\\htdocs\\musica_ci443\\public\\index.php')
CRITICAL - 2024-01-02 13:54:24 --> 28 : Operation timed out after 3000 milliseconds with 0 bytes received
in SYSTEMPATH\HTTP\CURLRequest.php on line 693.
 1 SYSTEMPATH\HTTP\CURLRequest.php(693): CodeIgniter\HTTP\Exceptions\HTTPException::forCurlError('28', 'Operation timed out after 3000 milliseconds with 0 bytes received')
 2 SYSTEMPATH\HTTP\CURLRequest.php(387): CodeIgniter\HTTP\CURLRequest->sendRequest([...])
 3 SYSTEMPATH\HTTP\CURLRequest.php(145): CodeIgniter\HTTP\CURLRequest->send('get', 'https://deezerdevs-deezer.p.rapidapi.com/search?q=tipe+x')
 4 SYSTEMPATH\HTTP\CURLRequest.php(180): CodeIgniter\HTTP\CURLRequest->request('get', 'https://deezerdevs-deezer.p.rapidapi.com/search', [])
 5 APPPATH\Controllers\AJAXRequest.php(26): CodeIgniter\HTTP\CURLRequest->get('search')
 6 SYSTEMPATH\CodeIgniter.php(942): App\Controllers\AJAXRequest->requestData()
 7 SYSTEMPATH\CodeIgniter.php(502): CodeIgniter\CodeIgniter->runController(Object(App\Controllers\AJAXRequest))
 8 SYSTEMPATH\CodeIgniter.php(361): CodeIgniter\CodeIgniter->handleRequest(null, Object(Config\Cache), false)
 9 FCPATH\index.php(79): CodeIgniter\CodeIgniter->run()
10 SYSTEMPATH\Commands\Server\rewrite.php(47): require_once('C:\\xampp\\xampp8160\\htdocs\\musica_ci443\\public\\index.php')
CRITICAL - 2024-01-02 13:55:00 --> 28 : Operation timed out after 3000 milliseconds with 0 bytes received
in SYSTEMPATH\HTTP\CURLRequest.php on line 693.
 1 SYSTEMPATH\HTTP\CURLRequest.php(693): CodeIgniter\HTTP\Exceptions\HTTPException::forCurlError('28', 'Operation timed out after 3000 milliseconds with 0 bytes received')
 2 SYSTEMPATH\HTTP\CURLRequest.php(387): CodeIgniter\HTTP\CURLRequest->sendRequest([...])
 3 SYSTEMPATH\HTTP\CURLRequest.php(145): CodeIgniter\HTTP\CURLRequest->send('get', 'https://deezerdevs-deezer.p.rapidapi.com/search?q=tipe+x')
 4 SYSTEMPATH\HTTP\CURLRequest.php(180): CodeIgniter\HTTP\CURLRequest->request('get', 'https://deezerdevs-deezer.p.rapidapi.com/search', [])
 5 APPPATH\Controllers\AJAXRequest.php(26): CodeIgniter\HTTP\CURLRequest->get('search')
 6 SYSTEMPATH\CodeIgniter.php(942): App\Controllers\AJAXRequest->requestData()
 7 SYSTEMPATH\CodeIgniter.php(502): CodeIgniter\CodeIgniter->runController(Object(App\Controllers\AJAXRequest))
 8 SYSTEMPATH\CodeIgniter.php(361): CodeIgniter\CodeIgniter->handleRequest(null, Object(Config\Cache), false)
 9 FCPATH\index.php(79): CodeIgniter\CodeIgniter->run()
10 SYSTEMPATH\Commands\Server\rewrite.php(47): require_once('C:\\xampp\\xampp8160\\htdocs\\musica_ci443\\public\\index.php')
CRITICAL - 2024-01-02 13:55:09 --> 28 : Operation timed out after 3000 milliseconds with 14786 bytes received
in SYSTEMPATH\HTTP\CURLRequest.php on line 693.
 1 SYSTEMPATH\HTTP\CURLRequest.php(693): CodeIgniter\HTTP\Exceptions\HTTPException::forCurlError('28', 'Operation timed out after 3000 milliseconds with 14786 bytes received')
 2 SYSTEMPATH\HTTP\CURLRequest.php(387): CodeIgniter\HTTP\CURLRequest->sendRequest([...])
 3 SYSTEMPATH\HTTP\CURLRequest.php(145): CodeIgniter\HTTP\CURLRequest->send('get', 'https://deezerdevs-deezer.p.rapidapi.com/search?q=tipe+x')
 4 SYSTEMPATH\HTTP\CURLRequest.php(180): CodeIgniter\HTTP\CURLRequest->request('get', 'https://deezerdevs-deezer.p.rapidapi.com/search', [])
 5 APPPATH\Controllers\AJAXRequest.php(26): CodeIgniter\HTTP\CURLRequest->get('search')
 6 SYSTEMPATH\CodeIgniter.php(942): App\Controllers\AJAXRequest->requestData()
 7 SYSTEMPATH\CodeIgniter.php(502): CodeIgniter\CodeIgniter->runController(Object(App\Controllers\AJAXRequest))
 8 SYSTEMPATH\CodeIgniter.php(361): CodeIgniter\CodeIgniter->handleRequest(null, Object(Config\Cache), false)
 9 FCPATH\index.php(79): CodeIgniter\CodeIgniter->run()
10 SYSTEMPATH\Commands\Server\rewrite.php(47): require_once('C:\\xampp\\xampp8160\\htdocs\\musica_ci443\\public\\index.php')
CRITICAL - 2024-01-02 13:55:22 --> 28 : Operation timed out after 3004 milliseconds with 31156 bytes received
in SYSTEMPATH\HTTP\CURLRequest.php on line 693.
 1 SYSTEMPATH\HTTP\CURLRequest.php(693): CodeIgniter\HTTP\Exceptions\HTTPException::forCurlError('28', 'Operation timed out after 3004 milliseconds with 31156 bytes received')
 2 SYSTEMPATH\HTTP\CURLRequest.php(387): CodeIgniter\HTTP\CURLRequest->sendRequest([...])
 3 SYSTEMPATH\HTTP\CURLRequest.php(145): CodeIgniter\HTTP\CURLRequest->send('get', 'https://deezerdevs-deezer.p.rapidapi.com/search?q=tipe+x')
 4 SYSTEMPATH\HTTP\CURLRequest.php(180): CodeIgniter\HTTP\CURLRequest->request('get', 'https://deezerdevs-deezer.p.rapidapi.com/search', [])
 5 APPPATH\Controllers\AJAXRequest.php(26): CodeIgniter\HTTP\CURLRequest->get('search')
 6 SYSTEMPATH\CodeIgniter.php(942): App\Controllers\AJAXRequest->requestData()
 7 SYSTEMPATH\CodeIgniter.php(502): CodeIgniter\CodeIgniter->runController(Object(App\Controllers\AJAXRequest))
 8 SYSTEMPATH\CodeIgniter.php(361): CodeIgniter\CodeIgniter->handleRequest(null, Object(Config\Cache), false)
 9 FCPATH\index.php(79): CodeIgniter\CodeIgniter->run()
10 SYSTEMPATH\Commands\Server\rewrite.php(47): require_once('C:\\xampp\\xampp8160\\htdocs\\musica_ci443\\public\\index.php')
CRITICAL - 2024-01-02 13:55:28 --> 28 : Operation timed out after 3000 milliseconds with 0 bytes received
in SYSTEMPATH\HTTP\CURLRequest.php on line 693.
 1 SYSTEMPATH\HTTP\CURLRequest.php(693): CodeIgniter\HTTP\Exceptions\HTTPException::forCurlError('28', 'Operation timed out after 3000 milliseconds with 0 bytes received')
 2 SYSTEMPATH\HTTP\CURLRequest.php(387): CodeIgniter\HTTP\CURLRequest->sendRequest([...])
 3 SYSTEMPATH\HTTP\CURLRequest.php(145): CodeIgniter\HTTP\CURLRequest->send('get', 'https://deezerdevs-deezer.p.rapidapi.com/search?q=tipe+x')
 4 SYSTEMPATH\HTTP\CURLRequest.php(180): CodeIgniter\HTTP\CURLRequest->request('get', 'https://deezerdevs-deezer.p.rapidapi.com/search', [])
 5 APPPATH\Controllers\AJAXRequest.php(26): CodeIgniter\HTTP\CURLRequest->get('search')
 6 SYSTEMPATH\CodeIgniter.php(942): App\Controllers\AJAXRequest->requestData()
 7 SYSTEMPATH\CodeIgniter.php(502): CodeIgniter\CodeIgniter->runController(Object(App\Controllers\AJAXRequest))
 8 SYSTEMPATH\CodeIgniter.php(361): CodeIgniter\CodeIgniter->handleRequest(null, Object(Config\Cache), false)
 9 FCPATH\index.php(79): CodeIgniter\CodeIgniter->run()
10 SYSTEMPATH\Commands\Server\rewrite.php(47): require_once('C:\\xampp\\xampp8160\\htdocs\\musica_ci443\\public\\index.php')
CRITICAL - 2024-01-02 13:55:40 --> 28 : Operation timed out after 3000 milliseconds with 14792 bytes received
in SYSTEMPATH\HTTP\CURLRequest.php on line 693.
 1 SYSTEMPATH\HTTP\CURLRequest.php(693): CodeIgniter\HTTP\Exceptions\HTTPException::forCurlError('28', 'Operation timed out after 3000 milliseconds with 14792 bytes received')
 2 SYSTEMPATH\HTTP\CURLRequest.php(387): CodeIgniter\HTTP\CURLRequest->sendRequest([...])
 3 SYSTEMPATH\HTTP\CURLRequest.php(145): CodeIgniter\HTTP\CURLRequest->send('get', 'https://deezerdevs-deezer.p.rapidapi.com/search?q=tipe+x')
 4 SYSTEMPATH\HTTP\CURLRequest.php(180): CodeIgniter\HTTP\CURLRequest->request('get', 'https://deezerdevs-deezer.p.rapidapi.com/search', [])
 5 APPPATH\Controllers\AJAXRequest.php(26): CodeIgniter\HTTP\CURLRequest->get('search')
 6 SYSTEMPATH\CodeIgniter.php(942): App\Controllers\AJAXRequest->requestData()
 7 SYSTEMPATH\CodeIgniter.php(502): CodeIgniter\CodeIgniter->runController(Object(App\Controllers\AJAXRequest))
 8 SYSTEMPATH\CodeIgniter.php(361): CodeIgniter\CodeIgniter->handleRequest(null, Object(Config\Cache), false)
 9 FCPATH\index.php(79): CodeIgniter\CodeIgniter->run()
10 SYSTEMPATH\Commands\Server\rewrite.php(47): require_once('C:\\xampp\\xampp8160\\htdocs\\musica_ci443\\public\\index.php')
CRITICAL - 2024-01-02 13:56:06 --> 28 : Operation timed out after 3000 milliseconds with 0 out of 0 bytes received
in SYSTEMPATH\HTTP\CURLRequest.php on line 693.
 1 SYSTEMPATH\HTTP\CURLRequest.php(693): CodeIgniter\HTTP\Exceptions\HTTPException::forCurlError('28', 'Operation timed out after 3000 milliseconds with 0 out of 0 bytes received')
 2 SYSTEMPATH\HTTP\CURLRequest.php(387): CodeIgniter\HTTP\CURLRequest->sendRequest([...])
 3 SYSTEMPATH\HTTP\CURLRequest.php(145): CodeIgniter\HTTP\CURLRequest->send('get', 'https://deezerdevs-deezer.p.rapidapi.com/search?q=tipe+x')
 4 SYSTEMPATH\HTTP\CURLRequest.php(180): CodeIgniter\HTTP\CURLRequest->request('get', 'https://deezerdevs-deezer.p.rapidapi.com/search', [])
 5 APPPATH\Controllers\AJAXRequest.php(26): CodeIgniter\HTTP\CURLRequest->get('search')
 6 SYSTEMPATH\CodeIgniter.php(942): App\Controllers\AJAXRequest->requestData()
 7 SYSTEMPATH\CodeIgniter.php(502): CodeIgniter\CodeIgniter->runController(Object(App\Controllers\AJAXRequest))
 8 SYSTEMPATH\CodeIgniter.php(361): CodeIgniter\CodeIgniter->handleRequest(null, Object(Config\Cache), false)
 9 FCPATH\index.php(79): CodeIgniter\CodeIgniter->run()
10 SYSTEMPATH\Commands\Server\rewrite.php(47): require_once('C:\\xampp\\xampp8160\\htdocs\\musica_ci443\\public\\index.php')
CRITICAL - 2024-01-02 13:56:34 --> 28 : Operation timed out after 3000 milliseconds with 14783 bytes received
in SYSTEMPATH\HTTP\CURLRequest.php on line 693.
 1 SYSTEMPATH\HTTP\CURLRequest.php(693): CodeIgniter\HTTP\Exceptions\HTTPException::forCurlError('28', 'Operation timed out after 3000 milliseconds with 14783 bytes received')
 2 SYSTEMPATH\HTTP\CURLRequest.php(387): CodeIgniter\HTTP\CURLRequest->sendRequest([...])
 3 SYSTEMPATH\HTTP\CURLRequest.php(145): CodeIgniter\HTTP\CURLRequest->send('get', 'https://deezerdevs-deezer.p.rapidapi.com/search?q=eminem')
 4 SYSTEMPATH\HTTP\CURLRequest.php(180): CodeIgniter\HTTP\CURLRequest->request('get', 'https://deezerdevs-deezer.p.rapidapi.com/search', [])
 5 APPPATH\Controllers\AJAXRequest.php(26): CodeIgniter\HTTP\CURLRequest->get('search')
 6 SYSTEMPATH\CodeIgniter.php(942): App\Controllers\AJAXRequest->requestData()
 7 SYSTEMPATH\CodeIgniter.php(502): CodeIgniter\CodeIgniter->runController(Object(App\Controllers\AJAXRequest))
 8 SYSTEMPATH\CodeIgniter.php(361): CodeIgniter\CodeIgniter->handleRequest(null, Object(Config\Cache), false)
 9 FCPATH\index.php(79): CodeIgniter\CodeIgniter->run()
10 SYSTEMPATH\Commands\Server\rewrite.php(47): require_once('C:\\xampp\\xampp8160\\htdocs\\musica_ci443\\public\\index.php')
CRITICAL - 2024-01-02 16:51:48 --> Call to a member function getPost() on null
in APPPATH\Config\Routes.php on line 22.
 1 SYSTEMPATH\CodeIgniter.php(891): CodeIgniter\Router\RouteCollection::{closure}()
 2 SYSTEMPATH\CodeIgniter.php(489): CodeIgniter\CodeIgniter->startController()
 3 SYSTEMPATH\CodeIgniter.php(361): CodeIgniter\CodeIgniter->handleRequest(null, Object(Config\Cache), false)
 4 FCPATH\index.php(79): CodeIgniter\CodeIgniter->run()
 5 SYSTEMPATH\Commands\Server\rewrite.php(47): require_once('C:\\xampp\\xampp8160\\htdocs\\musica_ci443\\public\\index.php')
CRITICAL - 2024-01-02 16:52:04 --> The action you requested is not allowed.
in SYSTEMPATH\Security\Security.php on line 300.
 1 SYSTEMPATH\Security\Security.php(300): CodeIgniter\Security\Exceptions\SecurityException::forDisallowedAction()
 2 SYSTEMPATH\Filters\CSRF.php(56): CodeIgniter\Security\Security->verify(Object(CodeIgniter\HTTP\IncomingRequest))
 3 SYSTEMPATH\Filters\Filters.php(186): CodeIgniter\Filters\CSRF->before(Object(CodeIgniter\HTTP\IncomingRequest), null)
 4 SYSTEMPATH\CodeIgniter.php(474): CodeIgniter\Filters\Filters->run('search', 'before')
 5 SYSTEMPATH\CodeIgniter.php(361): CodeIgniter\CodeIgniter->handleRequest(null, Object(Config\Cache), false)
 6 FCPATH\index.php(79): CodeIgniter\CodeIgniter->run()
 7 SYSTEMPATH\Commands\Server\rewrite.php(47): require_once('C:\\xampp\\xampp8160\\htdocs\\musica_ci443\\public\\index.php')
CRITICAL - 2024-01-02 16:52:30 --> The action you requested is not allowed.
in SYSTEMPATH\Security\Security.php on line 300.
 1 SYSTEMPATH\Security\Security.php(300): CodeIgniter\Security\Exceptions\SecurityException::forDisallowedAction()
 2 SYSTEMPATH\Filters\CSRF.php(56): CodeIgniter\Security\Security->verify(Object(CodeIgniter\HTTP\IncomingRequest))
 3 SYSTEMPATH\Filters\Filters.php(186): CodeIgniter\Filters\CSRF->before(Object(CodeIgniter\HTTP\IncomingRequest), null)
 4 SYSTEMPATH\CodeIgniter.php(474): CodeIgniter\Filters\Filters->run('search', 'before')
 5 SYSTEMPATH\CodeIgniter.php(361): CodeIgniter\CodeIgniter->handleRequest(null, Object(Config\Cache), false)
 6 FCPATH\index.php(79): CodeIgniter\CodeIgniter->run()
 7 SYSTEMPATH\Commands\Server\rewrite.php(47): require_once('C:\\xampp\\xampp8160\\htdocs\\musica_ci443\\public\\index.php')
CRITICAL - 2024-01-02 16:52:40 --> Call to a member function getPost() on null
in APPPATH\Config\Routes.php on line 22.
 1 SYSTEMPATH\CodeIgniter.php(891): CodeIgniter\Router\RouteCollection::{closure}()
 2 SYSTEMPATH\CodeIgniter.php(489): CodeIgniter\CodeIgniter->startController()
 3 SYSTEMPATH\CodeIgniter.php(361): CodeIgniter\CodeIgniter->handleRequest(null, Object(Config\Cache), false)
 4 FCPATH\index.php(79): CodeIgniter\CodeIgniter->run()
 5 SYSTEMPATH\Commands\Server\rewrite.php(47): require_once('C:\\xampp\\xampp8160\\htdocs\\musica_ci443\\public\\index.php')
CRITICAL - 2024-01-02 16:55:18 --> The action you requested is not allowed.
in SYSTEMPATH\Security\Security.php on line 300.
 1 SYSTEMPATH\Security\Security.php(300): CodeIgniter\Security\Exceptions\SecurityException::forDisallowedAction()
 2 SYSTEMPATH\Filters\CSRF.php(56): CodeIgniter\Security\Security->verify(Object(CodeIgniter\HTTP\IncomingRequest))
 3 SYSTEMPATH\Filters\Filters.php(186): CodeIgniter\Filters\CSRF->before(Object(CodeIgniter\HTTP\IncomingRequest), null)
 4 SYSTEMPATH\CodeIgniter.php(474): CodeIgniter\Filters\Filters->run('search', 'before')
 5 SYSTEMPATH\CodeIgniter.php(361): CodeIgniter\CodeIgniter->handleRequest(null, Object(Config\Cache), false)
 6 FCPATH\index.php(79): CodeIgniter\CodeIgniter->run()
 7 SYSTEMPATH\Commands\Server\rewrite.php(47): require_once('C:\\xampp\\xampp8160\\htdocs\\musica_ci443\\public\\index.php')
CRITICAL - 2024-01-02 16:55:45 --> Call to a member function getPost() on null
in APPPATH\Config\Routes.php on line 22.
 1 SYSTEMPATH\CodeIgniter.php(891): CodeIgniter\Router\RouteCollection::{closure}()
 2 SYSTEMPATH\CodeIgniter.php(489): CodeIgniter\CodeIgniter->startController()
 3 SYSTEMPATH\CodeIgniter.php(361): CodeIgniter\CodeIgniter->handleRequest(null, Object(Config\Cache), false)
 4 FCPATH\index.php(79): CodeIgniter\CodeIgniter->run()
 5 SYSTEMPATH\Commands\Server\rewrite.php(47): require_once('C:\\xampp\\xampp8160\\htdocs\\musica_ci443\\public\\index.php')
CRITICAL - 2024-01-02 17:47:46 --> Undefined variable $search
in APPPATH\Views\music_list_section\index.php on line 54.
 1 APPPATH\Views\music_list_section\index.php(54): CodeIgniter\Debug\Exceptions->errorHandler(2, 'Undefined variable $search', 'C:\\xampp\\xampp8160\\htdocs\\musica_ci443\\app\\Views\\music_list_section\\index.php', 54)
 2 SYSTEMPATH\View\View.php(228): include('C:\\xampp\\xampp8160\\htdocs\\musica_ci443\\app\\Views\\music_list_section\\index.php')
 3 SYSTEMPATH\View\View.php(231): CodeIgniter\View\View->CodeIgniter\View\{closure}()
 4 SYSTEMPATH\Common.php(1190): CodeIgniter\View\View->render('music_list_section/index', [], true)
 5 APPPATH\Config\Routes.php(13): view('music_list_section/index')
 6 SYSTEMPATH\CodeIgniter.php(891): CodeIgniter\Router\RouteCollection::{closure}()
 7 SYSTEMPATH\CodeIgniter.php(489): CodeIgniter\CodeIgniter->startController()
 8 SYSTEMPATH\CodeIgniter.php(361): CodeIgniter\CodeIgniter->handleRequest(null, Object(Config\Cache), false)
 9 FCPATH\index.php(79): CodeIgniter\CodeIgniter->run()
10 SYSTEMPATH\Commands\Server\rewrite.php(47): require_once('C:\\xampp\\xampp8160\\htdocs\\musica_ci443\\public\\index.php')
CRITICAL - 2024-01-02 17:48:02 --> Undefined variable $search
in APPPATH\Views\music_list_section\index.php on line 54.
 1 APPPATH\Views\music_list_section\index.php(54): CodeIgniter\Debug\Exceptions->errorHandler(2, 'Undefined variable $search', 'C:\\xampp\\xampp8160\\htdocs\\musica_ci443\\app\\Views\\music_list_section\\index.php', 54)
 2 SYSTEMPATH\View\View.php(228): include('C:\\xampp\\xampp8160\\htdocs\\musica_ci443\\app\\Views\\music_list_section\\index.php')
 3 SYSTEMPATH\View\View.php(231): CodeIgniter\View\View->CodeIgniter\View\{closure}()
 4 SYSTEMPATH\Common.php(1190): CodeIgniter\View\View->render('music_list_section/index', [], true)
 5 APPPATH\Config\Routes.php(13): view('music_list_section/index')
 6 SYSTEMPATH\CodeIgniter.php(891): CodeIgniter\Router\RouteCollection::{closure}()
 7 SYSTEMPATH\CodeIgniter.php(489): CodeIgniter\CodeIgniter->startController()
 8 SYSTEMPATH\CodeIgniter.php(361): CodeIgniter\CodeIgniter->handleRequest(null, Object(Config\Cache), false)
 9 FCPATH\index.php(79): CodeIgniter\CodeIgniter->run()
10 SYSTEMPATH\Commands\Server\rewrite.php(47): require_once('C:\\xampp\\xampp8160\\htdocs\\musica_ci443\\public\\index.php')
