ERROR - 2023-12-22 12:09:38 --> Error connecting to the database: mysqli_sql_exception: Access denied for user ''@'localhost' (using password: NO) in C:\xampp\xampp8160\htdocs\musica_ci443\system\Database\MySQLi\Connection.php:185
Stack trace:
#0 C:\xampp\xampp8160\htdocs\musica_ci443\system\Database\MySQLi\Connection.php(185): mysqli->real_connect('localhost', '', '', '', 3306, '', 0)
#1 C:\xampp\xampp8160\htdocs\musica_ci443\system\Database\BaseConnection.php(392): CodeIgniter\Database\MySQLi\Connection->connect(false)
#2 C:\xampp\xampp8160\htdocs\musica_ci443\system\Database\Database.php(66): CodeIgniter\Database\BaseConnection->initialize()
#3 C:\xampp\xampp8160\htdocs\musica_ci443\system\Database\Config.php(110): CodeIgniter\Database\Database->loadForge(Object(CodeIgniter\Database\MySQLi\Connection))
#4 C:\xampp\xampp8160\htdocs\musica_ci443\system\Commands\Database\CreateDatabase.php(134): CodeIgniter\Database\Config::forge()
#5 C:\xampp\xampp8160\htdocs\musica_ci443\system\CLI\Commands.php(65): CodeIgniter\Commands\Database\CreateDatabase->run(Array)
#6 C:\xampp\xampp8160\htdocs\musica_ci443\system\CLI\Console.php(46): CodeIgniter\CLI\Commands->run('db:create', Array)
#7 C:\xampp\xampp8160\htdocs\musica_ci443\spark(102): CodeIgniter\CLI\Console->run()
#8 {main}

Next CodeIgniter\Database\Exceptions\DatabaseException: Access denied for user ''@'localhost' (using password: NO) in C:\xampp\xampp8160\htdocs\musica_ci443\system\Database\MySQLi\Connection.php:229
Stack trace:
#0 C:\xampp\xampp8160\htdocs\musica_ci443\system\Database\BaseConnection.php(392): CodeIgniter\Database\MySQLi\Connection->connect(false)
#1 C:\xampp\xampp8160\htdocs\musica_ci443\system\Database\Database.php(66): CodeIgniter\Database\BaseConnection->initialize()
#2 C:\xampp\xampp8160\htdocs\musica_ci443\system\Database\Config.php(110): CodeIgniter\Database\Database->loadForge(Object(CodeIgniter\Database\MySQLi\Connection))
#3 C:\xampp\xampp8160\htdocs\musica_ci443\system\Commands\Database\CreateDatabase.php(134): CodeIgniter\Database\Config::forge()
#4 C:\xampp\xampp8160\htdocs\musica_ci443\system\CLI\Commands.php(65): CodeIgniter\Commands\Database\CreateDatabase->run(Array)
#5 C:\xampp\xampp8160\htdocs\musica_ci443\system\CLI\Console.php(46): CodeIgniter\CLI\Commands->run('db:create', Array)
#6 C:\xampp\xampp8160\htdocs\musica_ci443\spark(102): CodeIgniter\CLI\Console->run()
#7 {main}
ERROR - 2023-12-22 12:12:13 --> Error connecting to the database: mysqli_sql_exception: Access denied for user 'root'@'localhost' (using password: YES) in C:\xampp\xampp8160\htdocs\musica_ci443\system\Database\MySQLi\Connection.php:185
Stack trace:
#0 C:\xampp\xampp8160\htdocs\musica_ci443\system\Database\MySQLi\Connection.php(185): mysqli->real_connect('localhost', 'root', 'root', '', 3306, '', 0)
#1 C:\xampp\xampp8160\htdocs\musica_ci443\system\Database\BaseConnection.php(392): CodeIgniter\Database\MySQLi\Connection->connect(false)
#2 C:\xampp\xampp8160\htdocs\musica_ci443\system\Database\Database.php(66): CodeIgniter\Database\BaseConnection->initialize()
#3 C:\xampp\xampp8160\htdocs\musica_ci443\system\Database\Config.php(110): CodeIgniter\Database\Database->loadForge(Object(CodeIgniter\Database\MySQLi\Connection))
#4 C:\xampp\xampp8160\htdocs\musica_ci443\system\Commands\Database\CreateDatabase.php(134): CodeIgniter\Database\Config::forge()
#5 C:\xampp\xampp8160\htdocs\musica_ci443\system\CLI\Commands.php(65): CodeIgniter\Commands\Database\CreateDatabase->run(Array)
#6 C:\xampp\xampp8160\htdocs\musica_ci443\system\CLI\Console.php(46): CodeIgniter\CLI\Commands->run('db:create', Array)
#7 C:\xampp\xampp8160\htdocs\musica_ci443\spark(102): CodeIgniter\CLI\Console->run()
#8 {main}

Next CodeIgniter\Database\Exceptions\DatabaseException: Access denied for user '****'@'localhost' (using password: YES) in C:\xampp\xampp8160\htdocs\musica_ci443\system\Database\MySQLi\Connection.php:229
Stack trace:
#0 C:\xampp\xampp8160\htdocs\musica_ci443\system\Database\BaseConnection.php(392): CodeIgniter\Database\MySQLi\Connection->connect(false)
#1 C:\xampp\xampp8160\htdocs\musica_ci443\system\Database\Database.php(66): CodeIgniter\Database\BaseConnection->initialize()
#2 C:\xampp\xampp8160\htdocs\musica_ci443\system\Database\Config.php(110): CodeIgniter\Database\Database->loadForge(Object(CodeIgniter\Database\MySQLi\Connection))
#3 C:\xampp\xampp8160\htdocs\musica_ci443\system\Commands\Database\CreateDatabase.php(134): CodeIgniter\Database\Config::forge()
#4 C:\xampp\xampp8160\htdocs\musica_ci443\system\CLI\Commands.php(65): CodeIgniter\Commands\Database\CreateDatabase->run(Array)
#5 C:\xampp\xampp8160\htdocs\musica_ci443\system\CLI\Console.php(46): CodeIgniter\CLI\Commands->run('db:create', Array)
#6 C:\xampp\xampp8160\htdocs\musica_ci443\spark(102): CodeIgniter\CLI\Console->run()
#7 {main}
ERROR - 2023-12-22 12:14:16 --> Error connecting to the database: mysqli_sql_exception: Unknown database 'musica' in C:\xampp\xampp8160\htdocs\musica_ci443\system\Database\MySQLi\Connection.php:185
Stack trace:
#0 C:\xampp\xampp8160\htdocs\musica_ci443\system\Database\MySQLi\Connection.php(185): mysqli->real_connect('localhost', 'root', '', 'musica', 3306, '', 0)
#1 C:\xampp\xampp8160\htdocs\musica_ci443\system\Database\BaseConnection.php(392): CodeIgniter\Database\MySQLi\Connection->connect(false)
#2 C:\xampp\xampp8160\htdocs\musica_ci443\system\Database\BaseConnection.php(575): CodeIgniter\Database\BaseConnection->initialize()
#3 C:\xampp\xampp8160\htdocs\musica_ci443\system\Database\BaseConnection.php(1410): CodeIgniter\Database\BaseConnection->query('SHOW TABLES FRO...')
#4 C:\xampp\xampp8160\htdocs\musica_ci443\system\Database\BaseConnection.php(1429): CodeIgniter\Database\BaseConnection->listTables()
#5 C:\xampp\xampp8160\htdocs\musica_ci443\system\Database\MigrationRunner.php(764): CodeIgniter\Database\BaseConnection->tableExists('migrations')
#6 C:\xampp\xampp8160\htdocs\musica_ci443\system\Database\MigrationRunner.php(168): CodeIgniter\Database\MigrationRunner->ensureTable()
#7 C:\xampp\xampp8160\htdocs\musica_ci443\system\Commands\Database\Migrate.php(84): CodeIgniter\Database\MigrationRunner->latest(NULL)
#8 C:\xampp\xampp8160\htdocs\musica_ci443\vendor\codeigniter4\shield\src\Commands\Setup.php(420): CodeIgniter\Commands\Database\Migrate->run(Array)
#9 C:\xampp\xampp8160\htdocs\musica_ci443\vendor\codeigniter4\shield\src\Commands\Setup.php(97): CodeIgniter\Shield\Commands\Setup->runMigrations()
#10 C:\xampp\xampp8160\htdocs\musica_ci443\vendor\codeigniter4\shield\src\Commands\Setup.php(82): CodeIgniter\Shield\Commands\Setup->publishConfig()
#11 C:\xampp\xampp8160\htdocs\musica_ci443\system\CLI\Commands.php(65): CodeIgniter\Shield\Commands\Setup->run(Array)
#12 C:\xampp\xampp8160\htdocs\musica_ci443\system\CLI\Console.php(46): CodeIgniter\CLI\Commands->run('shield:setup', Array)
#13 C:\xampp\xampp8160\htdocs\musica_ci443\spark(102): CodeIgniter\CLI\Console->run()
#14 {main}

Next CodeIgniter\Database\Exceptions\DatabaseException: Unknown database 'musica' in C:\xampp\xampp8160\htdocs\musica_ci443\system\Database\MySQLi\Connection.php:229
Stack trace:
#0 C:\xampp\xampp8160\htdocs\musica_ci443\system\Database\BaseConnection.php(392): CodeIgniter\Database\MySQLi\Connection->connect(false)
#1 C:\xampp\xampp8160\htdocs\musica_ci443\system\Database\BaseConnection.php(575): CodeIgniter\Database\BaseConnection->initialize()
#2 C:\xampp\xampp8160\htdocs\musica_ci443\system\Database\BaseConnection.php(1410): CodeIgniter\Database\BaseConnection->query('SHOW TABLES FRO...')
#3 C:\xampp\xampp8160\htdocs\musica_ci443\system\Database\BaseConnection.php(1429): CodeIgniter\Database\BaseConnection->listTables()
#4 C:\xampp\xampp8160\htdocs\musica_ci443\system\Database\MigrationRunner.php(764): CodeIgniter\Database\BaseConnection->tableExists('migrations')
#5 C:\xampp\xampp8160\htdocs\musica_ci443\system\Database\MigrationRunner.php(168): CodeIgniter\Database\MigrationRunner->ensureTable()
#6 C:\xampp\xampp8160\htdocs\musica_ci443\system\Commands\Database\Migrate.php(84): CodeIgniter\Database\MigrationRunner->latest(NULL)
#7 C:\xampp\xampp8160\htdocs\musica_ci443\vendor\codeigniter4\shield\src\Commands\Setup.php(420): CodeIgniter\Commands\Database\Migrate->run(Array)
#8 C:\xampp\xampp8160\htdocs\musica_ci443\vendor\codeigniter4\shield\src\Commands\Setup.php(97): CodeIgniter\Shield\Commands\Setup->runMigrations()
#9 C:\xampp\xampp8160\htdocs\musica_ci443\vendor\codeigniter4\shield\src\Commands\Setup.php(82): CodeIgniter\Shield\Commands\Setup->publishConfig()
#10 C:\xampp\xampp8160\htdocs\musica_ci443\system\CLI\Commands.php(65): CodeIgniter\Shield\Commands\Setup->run(Array)
#11 C:\xampp\xampp8160\htdocs\musica_ci443\system\CLI\Console.php(46): CodeIgniter\CLI\Commands->run('shield:setup', Array)
#12 C:\xampp\xampp8160\htdocs\musica_ci443\spark(102): CodeIgniter\CLI\Console->run()
#13 {main}
